<?xml version="1.0" encoding="UTF-8"?>
<testsuite xmlns:xsi="http://www.w3.org/2001/XMLSchema-instance" xsi:noNamespaceSchemaLocation="https://maven.apache.org/surefire/maven-surefire-plugin/xsd/surefire-test-report.xsd" version="3.0.2" name="com.mavenTask.webspring.test.PersonTest" time="0.072" tests="3" errors="0" skipped="0" failures="0">
  <properties>
    <property name="java.specification.version" value="21"/>
    <property name="sun.cpu.isalist" value="amd64"/>
    <property name="sun.jnu.encoding" value="Cp1252"/>
    <property name="java.class.path" value="C:\Users\diana\git\repository6\models\target\test-classes;C:\Users\diana\git\repository6\models\target\classes;C:\Users\diana\.m2\repository\org\junit\jupiter\junit-jupiter-api\5.10.5\junit-jupiter-api-5.10.5.jar;C:\Users\diana\.m2\repository\org\opentest4j\opentest4j\1.3.0\opentest4j-1.3.0.jar;C:\Users\diana\.m2\repository\org\junit\platform\junit-platform-commons\1.10.5\junit-platform-commons-1.10.5.jar;C:\Users\diana\.m2\repository\org\apiguardian\apiguardian-api\1.1.2\apiguardian-api-1.1.2.jar;C:\Users\diana\.m2\repository\org\jacoco\jacoco-maven-plugin\0.8.12\jacoco-maven-plugin-0.8.12.jar;C:\Users\diana\.m2\repository\org\codehaus\plexus\plexus-utils\3.0.24\plexus-utils-3.0.24.jar;C:\Users\diana\.m2\repository\org\apache\maven\shared\file-management\3.1.0\file-management-3.1.0.jar;C:\Users\diana\.m2\repository\org\slf4j\slf4j-api\1.7.36\slf4j-api-1.7.36.jar;C:\Users\diana\.m2\repository\commons-io\commons-io\2.11.0\commons-io-2.11.0.jar;C:\Users\diana\.m2\repository\org\apache\maven\reporting\maven-reporting-api\3.0\maven-reporting-api-3.0.jar;C:\Users\diana\.m2\repository\org\apache\maven\doxia\doxia-sink-api\1.0\doxia-sink-api-1.0.jar;C:\Users\diana\.m2\repository\org\jacoco\org.jacoco.agent\0.8.12\org.jacoco.agent-0.8.12-runtime.jar;C:\Users\diana\.m2\repository\org\jacoco\org.jacoco.core\0.8.12\org.jacoco.core-0.8.12.jar;C:\Users\diana\.m2\repository\org\ow2\asm\asm\9.7\asm-9.7.jar;C:\Users\diana\.m2\repository\org\ow2\asm\asm-commons\9.7\asm-commons-9.7.jar;C:\Users\diana\.m2\repository\org\ow2\asm\asm-tree\9.7\asm-tree-9.7.jar;C:\Users\diana\.m2\repository\org\jacoco\org.jacoco.report\0.8.12\org.jacoco.report-0.8.12.jar;C:\Users\diana\.m2\repository\org\junit\platform\junit-platform-reporting\1.10.3\junit-platform-reporting-1.10.3.jar;C:\Users\diana\.m2\repository\org\junit\platform\junit-platform-launcher\1.10.3\junit-platform-launcher-1.10.3.jar;C:\Users\diana\.m2\repository\org\junit\platform\junit-platform-engine\1.10.3\junit-platform-engine-1.10.3.jar;"/>
    <property name="java.vm.vendor" value="Eclipse Adoptium"/>
    <property name="sun.arch.data.model" value="64"/>
    <property name="user.variant" value=""/>
    <property name="java.vendor.url" value="https://adoptium.net/"/>
    <property name="user.timezone" value="Europe/Madrid"/>
    <property name="os.name" value="Windows 11"/>
    <property name="java.vm.specification.version" value="21"/>
    <property name="sun.java.launcher" value="SUN_STANDARD"/>
    <property name="user.country" value="ES"/>
    <property name="sun.boot.library.path" value="C:\Users\diana\Downloads\eclipse-jee-2024-09-R-win32-x86_64\eclipse\plugins\org.eclipse.justj.openjdk.hotspot.jre.full.win32.x86_64_21.0.4.v20240802-1551\jre\bin"/>
    <property name="sun.java.command" value="C:\Users\diana\AppData\Local\Temp\surefire11554212583839581461\surefirebooter-20241215213843556_3.jar C:\Users\diana\AppData\Local\Temp\surefire11554212583839581461 2024-12-15T21-38-43_416-jvmRun1 surefire-20241215213843556_1tmp surefire_0-20241215213843556_2tmp"/>
    <property name="jdk.debug" value="release"/>
    <property name="surefire.test.class.path" value="C:\Users\diana\git\repository6\models\target\test-classes;C:\Users\diana\git\repository6\models\target\classes;C:\Users\diana\.m2\repository\org\junit\jupiter\junit-jupiter-api\5.10.5\junit-jupiter-api-5.10.5.jar;C:\Users\diana\.m2\repository\org\opentest4j\opentest4j\1.3.0\opentest4j-1.3.0.jar;C:\Users\diana\.m2\repository\org\junit\platform\junit-platform-commons\1.10.5\junit-platform-commons-1.10.5.jar;C:\Users\diana\.m2\repository\org\apiguardian\apiguardian-api\1.1.2\apiguardian-api-1.1.2.jar;C:\Users\diana\.m2\repository\org\jacoco\jacoco-maven-plugin\0.8.12\jacoco-maven-plugin-0.8.12.jar;C:\Users\diana\.m2\repository\org\codehaus\plexus\plexus-utils\3.0.24\plexus-utils-3.0.24.jar;C:\Users\diana\.m2\repository\org\apache\maven\shared\file-management\3.1.0\file-management-3.1.0.jar;C:\Users\diana\.m2\repository\org\slf4j\slf4j-api\1.7.36\slf4j-api-1.7.36.jar;C:\Users\diana\.m2\repository\commons-io\commons-io\2.11.0\commons-io-2.11.0.jar;C:\Users\diana\.m2\repository\org\apache\maven\reporting\maven-reporting-api\3.0\maven-reporting-api-3.0.jar;C:\Users\diana\.m2\repository\org\apache\maven\doxia\doxia-sink-api\1.0\doxia-sink-api-1.0.jar;C:\Users\diana\.m2\repository\org\jacoco\org.jacoco.agent\0.8.12\org.jacoco.agent-0.8.12-runtime.jar;C:\Users\diana\.m2\repository\org\jacoco\org.jacoco.core\0.8.12\org.jacoco.core-0.8.12.jar;C:\Users\diana\.m2\repository\org\ow2\asm\asm\9.7\asm-9.7.jar;C:\Users\diana\.m2\repository\org\ow2\asm\asm-commons\9.7\asm-commons-9.7.jar;C:\Users\diana\.m2\repository\org\ow2\asm\asm-tree\9.7\asm-tree-9.7.jar;C:\Users\diana\.m2\repository\org\jacoco\org.jacoco.report\0.8.12\org.jacoco.report-0.8.12.jar;C:\Users\diana\.m2\repository\org\junit\platform\junit-platform-reporting\1.10.3\junit-platform-reporting-1.10.3.jar;C:\Users\diana\.m2\repository\org\junit\platform\junit-platform-launcher\1.10.3\junit-platform-launcher-1.10.3.jar;C:\Users\diana\.m2\repository\org\junit\platform\junit-platform-engine\1.10.3\junit-platform-engine-1.10.3.jar;"/>
    <property name="sun.cpu.endian" value="little"/>
    <property name="user.home" value="C:\Users\diana"/>
    <property name="user.language" value="es"/>
    <property name="java.specification.vendor" value="Oracle Corporation"/>
    <property name="java.version.date" value="2024-07-16"/>
    <property name="java.home" value="C:\Users\diana\Downloads\eclipse-jee-2024-09-R-win32-x86_64\eclipse\plugins\org.eclipse.justj.openjdk.hotspot.jre.full.win32.x86_64_21.0.4.v20240802-1551\jre"/>
    <property name="file.separator" value="\"/>
    <property name="basedir" value="C:\Users\diana\git\repository6\models"/>
    <property name="style.color" value="always"/>
    <property name="java.vm.compressedOopsMode" value="Zero based"/>
    <property name="line.separator" value="&#10;"/>
    <property name="java.vm.specification.vendor" value="Oracle Corporation"/>
    <property name="java.specification.name" value="Java Platform API Specification"/>
    <property name="surefire.real.class.path" value="C:\Users\diana\AppData\Local\Temp\surefire11554212583839581461\surefirebooter-20241215213843556_3.jar"/>
    <property name="user.script" value=""/>
    <property name="sun.management.compiler" value="HotSpot 64-Bit Tiered Compilers"/>
    <property name="java.runtime.version" value="21.0.4+7-LTS"/>
    <property name="user.name" value="diana"/>
    <property name="stdout.encoding" value="Cp1252"/>
    <property name="path.separator" value=";"/>
    <property name="os.version" value="10.0"/>
    <property name="java.runtime.name" value="OpenJDK Runtime Environment"/>
    <property name="file.encoding" value="UTF-8"/>
    <property name="java.vm.name" value="OpenJDK 64-Bit Server VM"/>
    <property name="java.vendor.version" value="Temurin-21.0.4+7"/>
    <property name="localRepository" value="C:\Users\diana\.m2\repository"/>
    <property name="java.vendor.url.bug" value="https://github.com/adoptium/adoptium-support/issues"/>
    <property name="java.io.tmpdir" value="C:\Users\diana\AppData\Local\Temp\"/>
    <property name="java.version" value="21.0.4"/>
    <property name="user.dir" value="C:\Users\diana\git\repository6\models"/>
    <property name="os.arch" value="amd64"/>
    <property name="java.vm.specification.name" value="Java Virtual Machine Specification"/>
    <property name="sun.os.patch.level" value=""/>
    <property name="native.encoding" value="Cp1252"/>
    <property name="java.library.path" value="C:\Users\diana\Downloads\eclipse-jee-2024-09-R-win32-x86_64\eclipse\plugins\org.eclipse.justj.openjdk.hotspot.jre.full.win32.x86_64_21.0.4.v20240802-1551\jre\bin;C:\WINDOWS\Sun\Java\bin;C:\WINDOWS\system32;C:\WINDOWS;C:/Users/diana/Downloads/eclipse-jee-2024-09-R-win32-x86_64/eclipse//plugins/org.eclipse.justj.openjdk.hotspot.jre.full.win32.x86_64_21.0.4.v20240802-1551/jre/bin/server;C:/Users/diana/Downloads/eclipse-jee-2024-09-R-win32-x86_64/eclipse//plugins/org.eclipse.justj.openjdk.hotspot.jre.full.win32.x86_64_21.0.4.v20240802-1551/jre/bin;C:\Program Files\Common Files\Oracle\Java\javapath;C:\WINDOWS\system32;C:\WINDOWS;C:\WINDOWS\System32\Wbem;C:\WINDOWS\System32\WindowsPowerShell\v1.0\;C:\WINDOWS\System32\OpenSSH\;C:\Program Files\AutoFirma\AutoFirma;C:\Program Files\Git\cmd;C:\Program Files\Docker\Docker\resources\bin;C:\Users\diana\AppData\Local\Programs\Python\Python312\Scripts\;C:\Users\diana\AppData\Local\Programs\Python\Python312\;C:\Users\diana\AppData\Local\Programs\Python\Launcher\;C:\Users\diana\AppData\Local\Microsoft\WindowsApps;C:\Users\diana\AppData\Local\Programs\Microsoft VS Code\bin;C:\Users\diana\AppData\Local\GitHubDesktop\bin;C:\Program Files\Java\jdk-17\bin;C:\apache-maven-3.9.9\bin;;C:\Users\diana\Downloads\eclipse-jee-2024-09-R-win32-x86_64\eclipse;;."/>
    <property name="java.vm.info" value="mixed mode"/>
    <property name="stderr.encoding" value="Cp1252"/>
    <property name="java.vendor" value="Eclipse Adoptium"/>
    <property name="java.vm.version" value="21.0.4+7-LTS"/>
    <property name="sun.io.unicode.encoding" value="UnicodeLittle"/>
    <property name="java.class.version" value="65.0"/>
  </properties>
  <testcase name="TestisAdult1" classname="com.mavenTask.webspring.test.PersonTest" time="0.029"/>
  <testcase name="TestisAdult2" classname="com.mavenTask.webspring.test.PersonTest" time="0.002"/>
  <testcase name="TestisAdult" classname="com.mavenTask.webspring.test.PersonTest" time="0.001"/>
</testsuite>